#separator \x09
#set_separator	,
#empty_field	(empty)
#unset_field	-
#path	ocsp
#open	2026-04-14-22-07-48
#fields	ts	id	hashAlgorithm	issuerNameHash	issuerKeyHash	serialNumber	certStatus	revoketime	revokereason	thisUpdate	nextUpdate
#types	time	string	string	string	string	string	string	time	string	time	time
1749828840.031516	FTuJisGdwwyjv33le	sha1	1BC66318D19B621575EEB02B7469CD52D59A2AE2	F67E2FBD80A34AB2705BEBDF9A1FD8EDCA618007	330067452D170D9EFF927861F100000067452D	good	-	-	1749607988.000000	1750300388.000000
1749828853.583523	Fq9vUF2B2EvjdXDZS7	sha1	105FA67A80089DB5279F35CE830B43889EA3C70D	0F80611C823161D52F28E78D4638B42CE1C6D9E2	0496F9876B115E6DC0D862571F9301AD	good	-	-	1749814021.000000	1750415221.000000
1749828855.044712	FfB2i64gc63McrJI1b	sha1	1BC66318D19B621575EEB02B7469CD52D59A2AE2	F67E2FBD80A34AB2705BEBDF9A1FD8EDCA618007	3301C154E1C3C79E1711A4AB99000001C154E1	good	-	-	1749478388.000000	1750170788.000000
1749828864.320528	FiFjdJ1wActkMo8oT2	sha1	1BC66318D19B621575EEB02B7469CD52D59A2AE2	F67E2FBD80A34AB2705BEBDF9A1FD8EDCA618007	3301CFF36DADE5F5D7EDC78D55000001CFF36D	good	-	-	1749492788.000000	1750185188.000000
1749828866.659698	FtpKOo2Q4wRuKr5dyk	sha1	1BC66318D19B621575EEB02B7469CD52D59A2AE2	F67E2FBD80A34AB2705BEBDF9A1FD8EDCA618007	3301CFF36DADE5F5D7EDC78D55000001CFF36D	good	-	-	1749492788.000000	1750185188.000000
1749828886.444301	FapNaj4XyTaFdw8Vk9	sha1	1BC66318D19B621575EEB02B7469CD52D59A2AE2	F67E2FBD80A34AB2705BEBDF9A1FD8EDCA618007	3301CFF36DADE5F5D7EDC78D55000001CFF36D	good	-	-	1749579188.000000	1750271588.000000
1749828914.679808	FsTLcH2NIasX737Yzg	sha1	1BC66318D19B621575EEB02B7469CD52D59A2AE2	F67E2FBD80A34AB2705BEBDF9A1FD8EDCA618007	3301CFF36DADE5F5D7EDC78D55000001CFF36D	good	-	-	1749492788.000000	1750185188.000000
1749828924.180565	FjRpwb4fkHIV11lIJ9	sha1	1BC66318D19B621575EEB02B7469CD52D59A2AE2	F67E2FBD80A34AB2705BEBDF9A1FD8EDCA618007	3301CFF36DADE5F5D7EDC78D55000001CFF36D	good	-	-	1749607988.000000	1750300388.000000
1749828933.405429	FzB8Ry2HpUBXZ4euK5	sha1	105FA67A80089DB5279F35CE830B43889EA3C70D	0F80611C823161D52F28E78D4638B42CE1C6D9E2	0496F9876B115E6DC0D862571F9301AD	good	-	-	1749814021.000000	1750415221.000000
1749828974.372189	F3WEHk4sXXinnz0fj9	sha1	1BC66318D19B621575EEB02B7469CD52D59A2AE2	F67E2FBD80A34AB2705BEBDF9A1FD8EDCA618007	3301C154E1C3C79E1711A4AB99000001C154E1	good	-	-	1749607988.000000	1750300388.000000
1749828975.792078	FYjEKk2jiBCqZPzh2b	sha1	1BC66318D19B621575EEB02B7469CD52D59A2AE2	F67E2FBD80A34AB2705BEBDF9A1FD8EDCA618007	3301C154E1C3C79E1711A4AB99000001C154E1	good	-	-	1749607988.000000	1750300388.000000
1749829044.061333	FsuI6a4RKhKTTplBkg	sha1	1BC66318D19B621575EEB02B7469CD52D59A2AE2	F67E2FBD80A34AB2705BEBDF9A1FD8EDCA618007	3301CFF36DADE5F5D7EDC78D55000001CFF36D	good	-	-	1749579188.000000	1750271588.000000
1749829291.784091	FdD1482zTlIZtCPCoe	sha1	1BC66318D19B621575EEB02B7469CD52D59A2AE2	F67E2FBD80A34AB2705BEBDF9A1FD8EDCA618007	3301B292DECF734E660CB5CA38000001B292DE	good	-	-	1749694388.000000	1750386788.000000
1749829434.374163	FXAvqm2pxTVead27p8	sha1	1BC66318D19B621575EEB02B7469CD52D59A2AE2	F67E2FBD80A34AB2705BEBDF9A1FD8EDCA618007	330067452D170D9EFF927861F100000067452D	good	-	-	1749492788.000000	1750185188.000000
1749830018.178920	FvPjQJ2dJayWweNqc2	sha1	1BC66318D19B621575EEB02B7469CD52D59A2AE2	F67E2FBD80A34AB2705BEBDF9A1FD8EDCA618007	330067452D170D9EFF927861F100000067452D	good	-	-	1749607988.000000	1750300388.000000
1749830117.051507	FLo4V1ld9w5ddol9e	sha1	1BC66318D19B621575EEB02B7469CD52D59A2AE2	F67E2FBD80A34AB2705BEBDF9A1FD8EDCA618007	330067452D170D9EFF927861F100000067452D	good	-	-	1749607988.000000	1750300388.000000
#close	2026-04-14-22-07-49
